#! /opt/homebrew/Cellar/icarus-verilog/12.0/bin/vvp
:ivl_version "12.0 (stable)";
:ivl_delay_selection "TYPICAL";
:vpi_time_precision - 12;
:vpi_module "/opt/homebrew/Cellar/icarus-verilog/12.0/lib/ivl/system.vpi";
:vpi_module "/opt/homebrew/Cellar/icarus-verilog/12.0/lib/ivl/vhdl_sys.vpi";
:vpi_module "/opt/homebrew/Cellar/icarus-verilog/12.0/lib/ivl/vhdl_textio.vpi";
:vpi_module "/opt/homebrew/Cellar/icarus-verilog/12.0/lib/ivl/v2005_math.vpi";
:vpi_module "/opt/homebrew/Cellar/icarus-verilog/12.0/lib/ivl/va_math.vpi";
S_0x149e0a210 .scope module, "ALU_tb" "ALU_tb" 2 3;
 .timescale -9 -12;
v0x149e20930_0 .var "A", 31 0;
v0x149e209e0_0 .var "ALUControl", 3 0;
v0x149e20a70_0 .var "B", 31 0;
v0x149e20b40_0 .net "Result", 31 0, v0x149e20670_0;  1 drivers
v0x149e20bf0_0 .net "Zero", 0 0, L_0x149e20d10;  1 drivers
S_0x149e0a380 .scope module, "alu" "ALU" 2 12, 3 1 0, S_0x149e0a210;
 .timescale -9 -12;
    .port_info 0 /INPUT 32 "A";
    .port_info 1 /INPUT 32 "B";
    .port_info 2 /INPUT 4 "ALUControl";
    .port_info 3 /OUTPUT 32 "Result";
    .port_info 4 /OUTPUT 1 "Zero";
v0x149e06540_0 .net "A", 31 0, v0x149e20930_0;  1 drivers
v0x149e20500_0 .net "ALUControl", 3 0, v0x149e209e0_0;  1 drivers
v0x149e205b0_0 .net "B", 31 0, v0x149e20a70_0;  1 drivers
v0x149e20670_0 .var "Result", 31 0;
v0x149e20720_0 .net "Zero", 0 0, L_0x149e20d10;  alias, 1 drivers
L_0x140068010 .functor BUFT 1, C4<00000000000000000000000000000000>, C4<0>, C4<0>, C4<0>;
v0x149e20800_0 .net/2u *"_ivl_0", 31 0, L_0x140068010;  1 drivers
E_0x149e06f20 .event anyedge, v0x149e20500_0, v0x149e06540_0, v0x149e205b0_0;
L_0x149e20d10 .cmp/eq 32, v0x149e20670_0, L_0x140068010;
    .scope S_0x149e0a380;
T_0 ;
    %wait E_0x149e06f20;
    %load/vec4 v0x149e20500_0;
    %dup/vec4;
    %pushi/vec4 2, 0, 4;
    %cmp/u;
    %jmp/1 T_0.0, 6;
    %dup/vec4;
    %pushi/vec4 6, 0, 4;
    %cmp/u;
    %jmp/1 T_0.1, 6;
    %jmp T_0.2;
T_0.0 ;
    %load/vec4 v0x149e06540_0;
    %load/vec4 v0x149e205b0_0;
    %add;
    %store/vec4 v0x149e20670_0, 0, 32;
    %jmp T_0.2;
T_0.1 ;
    %load/vec4 v0x149e06540_0;
    %load/vec4 v0x149e205b0_0;
    %sub;
    %store/vec4 v0x149e20670_0, 0, 32;
    %jmp T_0.2;
T_0.2 ;
    %pop/vec4 1;
    %jmp T_0;
    .thread T_0, $push;
    .scope S_0x149e0a210;
T_1 ;
    %vpi_call 2 23 "$monitor", "Time = %0t | A = %h | B = %h | ALUControl = %b | Result = %h | Zero = %b", $time, v0x149e20930_0, v0x149e20a70_0, v0x149e209e0_0, v0x149e20b40_0, v0x149e20bf0_0 {0 0 0};
    %pushi/vec4 16, 0, 32;
    %store/vec4 v0x149e20930_0, 0, 32;
    %pushi/vec4 32, 0, 32;
    %store/vec4 v0x149e20a70_0, 0, 32;
    %pushi/vec4 2, 0, 4;
    %store/vec4 v0x149e209e0_0, 0, 4;
    %delay 10000, 0;
    %pushi/vec4 48, 0, 32;
    %store/vec4 v0x149e20930_0, 0, 32;
    %pushi/vec4 16, 0, 32;
    %store/vec4 v0x149e20a70_0, 0, 32;
    %pushi/vec4 6, 0, 4;
    %store/vec4 v0x149e209e0_0, 0, 4;
    %delay 10000, 0;
    %pushi/vec4 4042322160, 0, 32;
    %store/vec4 v0x149e20930_0, 0, 32;
    %pushi/vec4 252645135, 0, 32;
    %store/vec4 v0x149e20a70_0, 0, 32;
    %pushi/vec4 0, 0, 4;
    %store/vec4 v0x149e209e0_0, 0, 4;
    %delay 10000, 0;
    %pushi/vec4 4042322160, 0, 32;
    %store/vec4 v0x149e20930_0, 0, 32;
    %pushi/vec4 252645135, 0, 32;
    %store/vec4 v0x149e20a70_0, 0, 32;
    %pushi/vec4 1, 0, 4;
    %store/vec4 v0x149e209e0_0, 0, 4;
    %delay 10000, 0;
    %pushi/vec4 305419896, 0, 32;
    %store/vec4 v0x149e20930_0, 0, 32;
    %pushi/vec4 305419896, 0, 32;
    %store/vec4 v0x149e20a70_0, 0, 32;
    %pushi/vec4 6, 0, 4;
    %store/vec4 v0x149e209e0_0, 0, 4;
    %delay 10000, 0;
    %pushi/vec4 1, 0, 32;
    %store/vec4 v0x149e20930_0, 0, 32;
    %pushi/vec4 1, 0, 32;
    %store/vec4 v0x149e20a70_0, 0, 32;
    %pushi/vec4 15, 0, 4;
    %store/vec4 v0x149e209e0_0, 0, 4;
    %delay 10000, 0;
    %delay 50000, 0;
    %vpi_call 2 64 "$stop" {0 0 0};
    %end;
    .thread T_1;
# The file index is used to find the file name in the following table.
:file_names 4;
    "N/A";
    "<interactive>";
    "ALU_tb.v";
    "ALU.v";
